TSError: ⨯ Unable to compile TypeScript:
app.ts(11,20): error TS7016: Could not find a declaration file for module 'koa-swig'. '/Users/apple/Desktop/YD/nezha-bff/node_modules/koa-swig/index.js' implicitly has an 'any' type.
  Try `npm i --save-dev @types/koa-swig` if it exists or add a new declaration (.d.ts) file containing `declare module 'koa-swig';`

    at createTSError (/Users/apple/.config/yarn/global/node_modules/pm2/node_modules/ts-node/src/index.ts:859:12)
    at reportTSError (/Users/apple/.config/yarn/global/node_modules/pm2/node_modules/ts-node/src/index.ts:863:19)
    at getOutput (/Users/apple/.config/yarn/global/node_modules/pm2/node_modules/ts-node/src/index.ts:1077:36)
    at Object.compile (/Users/apple/.config/yarn/global/node_modules/pm2/node_modules/ts-node/src/index.ts:1433:41)
    at Module.m._compile (/Users/apple/.config/yarn/global/node_modules/pm2/node_modules/ts-node/src/index.ts:1617:30)
    at Module._extensions..js (node:internal/modules/cjs/loader:1414:10)
    at Object.require.extensions.<computed> [as .ts] (/Users/apple/.config/yarn/global/node_modules/pm2/node_modules/ts-node/src/index.ts:1621:12)
    at Module.load (node:internal/modules/cjs/loader:1197:32)
    at Function.Module._load (node:internal/modules/cjs/loader:1013:12)
    at /Users/apple/.config/yarn/global/node_modules/pm2/lib/ProcessContainer.js:292:27
Channel is already closed can't broadcast error:
TypeError: Converting circular structure to JSON
    --> starting at object with constructor 'SourceFileObject'
    |     property 'statements' -> object with constructor 'Array'
    |     index 0 -> object with constructor 'NodeObject'
    --- property 'parent' closes the circle
    at stringify (<anonymous>)
    at writeChannelMessage (node:internal/child_process/serialization:159:20)
    at process.target._send (node:internal/child_process:845:17)
    at process.target.send (node:internal/child_process:745:19)
    at process.send (/Users/apple/.config/yarn/global/node_modules/pm2/lib/ProcessContainer.js:52:21)
    at process.uncaughtListener (/Users/apple/.config/yarn/global/node_modules/pm2/lib/ProcessContainer.js:260:19)
    at process.emit (node:events:529:35)
    at process.emit (node:domain:489:12)
    at process.emit.sharedData.processEmitHook.installedValue [as emit] (/Users/apple/.config/yarn/global/node_modules/pm2/node_modules/@cspotcode/source-map-support/source-map-support.js:745:40)
    at process._fatalException (node:internal/process/execution:158:25)
TSError: ⨯ Unable to compile TypeScript:
app.ts(11,20): error TS7016: Could not find a declaration file for module 'koa-swig'. '/Users/apple/Desktop/YD/nezha-bff/node_modules/koa-swig/index.js' implicitly has an 'any' type.
  Try `npm i --save-dev @types/koa-swig` if it exists or add a new declaration (.d.ts) file containing `declare module 'koa-swig';`

    at createTSError (/Users/apple/.config/yarn/global/node_modules/pm2/node_modules/ts-node/src/index.ts:859:12)
    at reportTSError (/Users/apple/.config/yarn/global/node_modules/pm2/node_modules/ts-node/src/index.ts:863:19)
    at getOutput (/Users/apple/.config/yarn/global/node_modules/pm2/node_modules/ts-node/src/index.ts:1077:36)
    at Object.compile (/Users/apple/.config/yarn/global/node_modules/pm2/node_modules/ts-node/src/index.ts:1433:41)
    at Module.m._compile (/Users/apple/.config/yarn/global/node_modules/pm2/node_modules/ts-node/src/index.ts:1617:30)
    at Module._extensions..js (node:internal/modules/cjs/loader:1414:10)
    at Object.require.extensions.<computed> [as .ts] (/Users/apple/.config/yarn/global/node_modules/pm2/node_modules/ts-node/src/index.ts:1621:12)
    at Module.load (node:internal/modules/cjs/loader:1197:32)
    at Function.Module._load (node:internal/modules/cjs/loader:1013:12)
    at /Users/apple/.config/yarn/global/node_modules/pm2/lib/ProcessContainer.js:292:27
Channel is already closed can't broadcast error:
TypeError: Converting circular structure to JSON
    --> starting at object with constructor 'SourceFileObject'
    |     property 'statements' -> object with constructor 'Array'
    |     index 0 -> object with constructor 'NodeObject'
    --- property 'parent' closes the circle
    at stringify (<anonymous>)
    at writeChannelMessage (node:internal/child_process/serialization:159:20)
    at process.target._send (node:internal/child_process:845:17)
    at process.target.send (node:internal/child_process:745:19)
    at process.send (/Users/apple/.config/yarn/global/node_modules/pm2/lib/ProcessContainer.js:52:21)
    at process.uncaughtListener (/Users/apple/.config/yarn/global/node_modules/pm2/lib/ProcessContainer.js:260:19)
    at process.emit (node:events:529:35)
    at process.emit (node:domain:489:12)
    at process.emit.sharedData.processEmitHook.installedValue [as emit] (/Users/apple/.config/yarn/global/node_modules/pm2/node_modules/@cspotcode/source-map-support/source-map-support.js:745:40)
    at process._fatalException (node:internal/process/execution:158:25)
TSError: ⨯ Unable to compile TypeScript:
app.ts(11,20): error TS7016: Could not find a declaration file for module 'koa-swig'. '/Users/apple/Desktop/YD/nezha-bff/node_modules/koa-swig/index.js' implicitly has an 'any' type.
  Try `npm i --save-dev @types/koa-swig` if it exists or add a new declaration (.d.ts) file containing `declare module 'koa-swig';`

    at createTSError (/Users/apple/.config/yarn/global/node_modules/pm2/node_modules/ts-node/src/index.ts:859:12)
    at reportTSError (/Users/apple/.config/yarn/global/node_modules/pm2/node_modules/ts-node/src/index.ts:863:19)
    at getOutput (/Users/apple/.config/yarn/global/node_modules/pm2/node_modules/ts-node/src/index.ts:1077:36)
    at Object.compile (/Users/apple/.config/yarn/global/node_modules/pm2/node_modules/ts-node/src/index.ts:1433:41)
    at Module.m._compile (/Users/apple/.config/yarn/global/node_modules/pm2/node_modules/ts-node/src/index.ts:1617:30)
    at Module._extensions..js (node:internal/modules/cjs/loader:1414:10)
    at Object.require.extensions.<computed> [as .ts] (/Users/apple/.config/yarn/global/node_modules/pm2/node_modules/ts-node/src/index.ts:1621:12)
    at Module.load (node:internal/modules/cjs/loader:1197:32)
    at Function.Module._load (node:internal/modules/cjs/loader:1013:12)
    at /Users/apple/.config/yarn/global/node_modules/pm2/lib/ProcessContainer.js:292:27
Channel is already closed can't broadcast error:
TypeError: Converting circular structure to JSON
    --> starting at object with constructor 'SourceFileObject'
    |     property 'statements' -> object with constructor 'Array'
    |     index 0 -> object with constructor 'NodeObject'
    --- property 'parent' closes the circle
    at stringify (<anonymous>)
    at writeChannelMessage (node:internal/child_process/serialization:159:20)
    at process.target._send (node:internal/child_process:845:17)
    at process.target.send (node:internal/child_process:745:19)
    at process.send (/Users/apple/.config/yarn/global/node_modules/pm2/lib/ProcessContainer.js:52:21)
    at process.uncaughtListener (/Users/apple/.config/yarn/global/node_modules/pm2/lib/ProcessContainer.js:260:19)
    at process.emit (node:events:529:35)
    at process.emit (node:domain:489:12)
    at process.emit.sharedData.processEmitHook.installedValue [as emit] (/Users/apple/.config/yarn/global/node_modules/pm2/node_modules/@cspotcode/source-map-support/source-map-support.js:745:40)
    at process._fatalException (node:internal/process/execution:158:25)
TSError: ⨯ Unable to compile TypeScript:
app.ts(11,20): error TS7016: Could not find a declaration file for module 'koa-swig'. '/Users/apple/Desktop/YD/nezha-bff/node_modules/koa-swig/index.js' implicitly has an 'any' type.
  Try `npm i --save-dev @types/koa-swig` if it exists or add a new declaration (.d.ts) file containing `declare module 'koa-swig';`

    at createTSError (/Users/apple/.config/yarn/global/node_modules/pm2/node_modules/ts-node/src/index.ts:859:12)
    at reportTSError (/Users/apple/.config/yarn/global/node_modules/pm2/node_modules/ts-node/src/index.ts:863:19)
    at getOutput (/Users/apple/.config/yarn/global/node_modules/pm2/node_modules/ts-node/src/index.ts:1077:36)
    at Object.compile (/Users/apple/.config/yarn/global/node_modules/pm2/node_modules/ts-node/src/index.ts:1433:41)
    at Module.m._compile (/Users/apple/.config/yarn/global/node_modules/pm2/node_modules/ts-node/src/index.ts:1617:30)
    at Module._extensions..js (node:internal/modules/cjs/loader:1414:10)
    at Object.require.extensions.<computed> [as .ts] (/Users/apple/.config/yarn/global/node_modules/pm2/node_modules/ts-node/src/index.ts:1621:12)
    at Module.load (node:internal/modules/cjs/loader:1197:32)
    at Function.Module._load (node:internal/modules/cjs/loader:1013:12)
    at /Users/apple/.config/yarn/global/node_modules/pm2/lib/ProcessContainer.js:292:27
Channel is already closed can't broadcast error:
TypeError: Converting circular structure to JSON
    --> starting at object with constructor 'SourceFileObject'
    |     property 'statements' -> object with constructor 'Array'
    |     index 0 -> object with constructor 'NodeObject'
    --- property 'parent' closes the circle
    at stringify (<anonymous>)
    at writeChannelMessage (node:internal/child_process/serialization:159:20)
    at process.target._send (node:internal/child_process:845:17)
    at process.target.send (node:internal/child_process:745:19)
    at process.send (/Users/apple/.config/yarn/global/node_modules/pm2/lib/ProcessContainer.js:52:21)
    at process.uncaughtListener (/Users/apple/.config/yarn/global/node_modules/pm2/lib/ProcessContainer.js:260:19)
    at process.emit (node:events:529:35)
    at process.emit (node:domain:489:12)
    at process.emit.sharedData.processEmitHook.installedValue [as emit] (/Users/apple/.config/yarn/global/node_modules/pm2/node_modules/@cspotcode/source-map-support/source-map-support.js:745:40)
    at process._fatalException (node:internal/process/execution:158:25)
TSError: ⨯ Unable to compile TypeScript:
app.ts(11,20): error TS7016: Could not find a declaration file for module 'koa-swig'. '/Users/apple/Desktop/YD/nezha-bff/node_modules/koa-swig/index.js' implicitly has an 'any' type.
  Try `npm i --save-dev @types/koa-swig` if it exists or add a new declaration (.d.ts) file containing `declare module 'koa-swig';`

    at createTSError (/Users/apple/.config/yarn/global/node_modules/pm2/node_modules/ts-node/src/index.ts:859:12)
    at reportTSError (/Users/apple/.config/yarn/global/node_modules/pm2/node_modules/ts-node/src/index.ts:863:19)
    at getOutput (/Users/apple/.config/yarn/global/node_modules/pm2/node_modules/ts-node/src/index.ts:1077:36)
    at Object.compile (/Users/apple/.config/yarn/global/node_modules/pm2/node_modules/ts-node/src/index.ts:1433:41)
    at Module.m._compile (/Users/apple/.config/yarn/global/node_modules/pm2/node_modules/ts-node/src/index.ts:1617:30)
    at Module._extensions..js (node:internal/modules/cjs/loader:1414:10)
    at Object.require.extensions.<computed> [as .ts] (/Users/apple/.config/yarn/global/node_modules/pm2/node_modules/ts-node/src/index.ts:1621:12)
    at Module.load (node:internal/modules/cjs/loader:1197:32)
    at Function.Module._load (node:internal/modules/cjs/loader:1013:12)
    at /Users/apple/.config/yarn/global/node_modules/pm2/lib/ProcessContainer.js:292:27
Channel is already closed can't broadcast error:
TypeError: Converting circular structure to JSON
    --> starting at object with constructor 'SourceFileObject'
    |     property 'statements' -> object with constructor 'Array'
    |     index 0 -> object with constructor 'NodeObject'
    --- property 'parent' closes the circle
    at stringify (<anonymous>)
    at writeChannelMessage (node:internal/child_process/serialization:159:20)
    at process.target._send (node:internal/child_process:845:17)
    at process.target.send (node:internal/child_process:745:19)
    at process.send (/Users/apple/.config/yarn/global/node_modules/pm2/lib/ProcessContainer.js:52:21)
    at process.uncaughtListener (/Users/apple/.config/yarn/global/node_modules/pm2/lib/ProcessContainer.js:260:19)
    at process.emit (node:events:529:35)
    at process.emit (node:domain:489:12)
    at process.emit.sharedData.processEmitHook.installedValue [as emit] (/Users/apple/.config/yarn/global/node_modules/pm2/node_modules/@cspotcode/source-map-support/source-map-support.js:745:40)
    at process._fatalException (node:internal/process/execution:158:25)
TSError: ⨯ Unable to compile TypeScript:
app.ts(11,20): error TS7016: Could not find a declaration file for module 'koa-swig'. '/Users/apple/Desktop/YD/nezha-bff/node_modules/koa-swig/index.js' implicitly has an 'any' type.
  Try `npm i --save-dev @types/koa-swig` if it exists or add a new declaration (.d.ts) file containing `declare module 'koa-swig';`

    at createTSError (/Users/apple/.config/yarn/global/node_modules/pm2/node_modules/ts-node/src/index.ts:859:12)
    at reportTSError (/Users/apple/.config/yarn/global/node_modules/pm2/node_modules/ts-node/src/index.ts:863:19)
    at getOutput (/Users/apple/.config/yarn/global/node_modules/pm2/node_modules/ts-node/src/index.ts:1077:36)
    at Object.compile (/Users/apple/.config/yarn/global/node_modules/pm2/node_modules/ts-node/src/index.ts:1433:41)
    at Module.m._compile (/Users/apple/.config/yarn/global/node_modules/pm2/node_modules/ts-node/src/index.ts:1617:30)
    at Module._extensions..js (node:internal/modules/cjs/loader:1414:10)
    at Object.require.extensions.<computed> [as .ts] (/Users/apple/.config/yarn/global/node_modules/pm2/node_modules/ts-node/src/index.ts:1621:12)
    at Module.load (node:internal/modules/cjs/loader:1197:32)
    at Function.Module._load (node:internal/modules/cjs/loader:1013:12)
    at /Users/apple/.config/yarn/global/node_modules/pm2/lib/ProcessContainer.js:292:27
Channel is already closed can't broadcast error:
TypeError: Converting circular structure to JSON
    --> starting at object with constructor 'SourceFileObject'
    |     property 'statements' -> object with constructor 'Array'
    |     index 0 -> object with constructor 'NodeObject'
    --- property 'parent' closes the circle
    at stringify (<anonymous>)
    at writeChannelMessage (node:internal/child_process/serialization:159:20)
    at process.target._send (node:internal/child_process:845:17)
    at process.target.send (node:internal/child_process:745:19)
    at process.send (/Users/apple/.config/yarn/global/node_modules/pm2/lib/ProcessContainer.js:52:21)
    at process.uncaughtListener (/Users/apple/.config/yarn/global/node_modules/pm2/lib/ProcessContainer.js:260:19)
    at process.emit (node:events:529:35)
    at process.emit (node:domain:489:12)
    at process.emit.sharedData.processEmitHook.installedValue [as emit] (/Users/apple/.config/yarn/global/node_modules/pm2/node_modules/@cspotcode/source-map-support/source-map-support.js:745:40)
    at process._fatalException (node:internal/process/execution:158:25)
TSError: ⨯ Unable to compile TypeScript:
app.ts(11,20): error TS7016: Could not find a declaration file for module 'koa-swig'. '/Users/apple/Desktop/YD/nezha-bff/node_modules/koa-swig/index.js' implicitly has an 'any' type.
  Try `npm i --save-dev @types/koa-swig` if it exists or add a new declaration (.d.ts) file containing `declare module 'koa-swig';`

    at createTSError (/Users/apple/.config/yarn/global/node_modules/pm2/node_modules/ts-node/src/index.ts:859:12)
    at reportTSError (/Users/apple/.config/yarn/global/node_modules/pm2/node_modules/ts-node/src/index.ts:863:19)
    at getOutput (/Users/apple/.config/yarn/global/node_modules/pm2/node_modules/ts-node/src/index.ts:1077:36)
    at Object.compile (/Users/apple/.config/yarn/global/node_modules/pm2/node_modules/ts-node/src/index.ts:1433:41)
    at Module.m._compile (/Users/apple/.config/yarn/global/node_modules/pm2/node_modules/ts-node/src/index.ts:1617:30)
    at Module._extensions..js (node:internal/modules/cjs/loader:1414:10)
    at Object.require.extensions.<computed> [as .ts] (/Users/apple/.config/yarn/global/node_modules/pm2/node_modules/ts-node/src/index.ts:1621:12)
    at Module.load (node:internal/modules/cjs/loader:1197:32)
    at Function.Module._load (node:internal/modules/cjs/loader:1013:12)
    at /Users/apple/.config/yarn/global/node_modules/pm2/lib/ProcessContainer.js:292:27
Channel is already closed can't broadcast error:
TypeError: Converting circular structure to JSON
    --> starting at object with constructor 'SourceFileObject'
    |     property 'statements' -> object with constructor 'Array'
    |     index 0 -> object with constructor 'NodeObject'
    --- property 'parent' closes the circle
    at stringify (<anonymous>)
    at writeChannelMessage (node:internal/child_process/serialization:159:20)
    at process.target._send (node:internal/child_process:845:17)
    at process.target.send (node:internal/child_process:745:19)
    at process.send (/Users/apple/.config/yarn/global/node_modules/pm2/lib/ProcessContainer.js:52:21)
    at process.uncaughtListener (/Users/apple/.config/yarn/global/node_modules/pm2/lib/ProcessContainer.js:260:19)
    at process.emit (node:events:529:35)
    at process.emit (node:domain:489:12)
    at process.emit.sharedData.processEmitHook.installedValue [as emit] (/Users/apple/.config/yarn/global/node_modules/pm2/node_modules/@cspotcode/source-map-support/source-map-support.js:745:40)
    at process._fatalException (node:internal/process/execution:158:25)
TSError: ⨯ Unable to compile TypeScript:
app.ts(11,20): error TS7016: Could not find a declaration file for module 'koa-swig'. '/Users/apple/Desktop/YD/nezha-bff/node_modules/koa-swig/index.js' implicitly has an 'any' type.
  Try `npm i --save-dev @types/koa-swig` if it exists or add a new declaration (.d.ts) file containing `declare module 'koa-swig';`

    at createTSError (/Users/apple/.config/yarn/global/node_modules/pm2/node_modules/ts-node/src/index.ts:859:12)
    at reportTSError (/Users/apple/.config/yarn/global/node_modules/pm2/node_modules/ts-node/src/index.ts:863:19)
    at getOutput (/Users/apple/.config/yarn/global/node_modules/pm2/node_modules/ts-node/src/index.ts:1077:36)
    at Object.compile (/Users/apple/.config/yarn/global/node_modules/pm2/node_modules/ts-node/src/index.ts:1433:41)
    at Module.m._compile (/Users/apple/.config/yarn/global/node_modules/pm2/node_modules/ts-node/src/index.ts:1617:30)
    at Module._extensions..js (node:internal/modules/cjs/loader:1414:10)
    at Object.require.extensions.<computed> [as .ts] (/Users/apple/.config/yarn/global/node_modules/pm2/node_modules/ts-node/src/index.ts:1621:12)
    at Module.load (node:internal/modules/cjs/loader:1197:32)
    at Function.Module._load (node:internal/modules/cjs/loader:1013:12)
    at /Users/apple/.config/yarn/global/node_modules/pm2/lib/ProcessContainer.js:292:27
Channel is already closed can't broadcast error:
TypeError: Converting circular structure to JSON
    --> starting at object with constructor 'SourceFileObject'
    |     property 'statements' -> object with constructor 'Array'
    |     index 0 -> object with constructor 'NodeObject'
    --- property 'parent' closes the circle
    at stringify (<anonymous>)
    at writeChannelMessage (node:internal/child_process/serialization:159:20)
    at process.target._send (node:internal/child_process:845:17)
    at process.target.send (node:internal/child_process:745:19)
    at process.send (/Users/apple/.config/yarn/global/node_modules/pm2/lib/ProcessContainer.js:52:21)
    at process.uncaughtListener (/Users/apple/.config/yarn/global/node_modules/pm2/lib/ProcessContainer.js:260:19)
    at process.emit (node:events:529:35)
    at process.emit (node:domain:489:12)
    at process.emit.sharedData.processEmitHook.installedValue [as emit] (/Users/apple/.config/yarn/global/node_modules/pm2/node_modules/@cspotcode/source-map-support/source-map-support.js:745:40)
    at process._fatalException (node:internal/process/execution:158:25)
2025-03-25 09:52:11: 
  Error: read ECONNRESET
      at TCP.onStreamRead (node:internal/stream_base_commons:217:20)

